// 同步 ID: a7b27f8e @ Thu Jun 18 16:34:07 UTC 2026
// 同步 ID: 3f3da7c1 @ Sat Jun 20 05:10:42 UTC 2026
// 同步 ID: 16464258 @ Sat Jun 20 15:03:56 UTC 2026
// 重构日志: 2dca706e
// 重构日志: 8a347552
// 重构日志: 83cf21c0
// 重构日志: 07284ed7
// 同步 ID: 937aed14 @ Tue Jun 23 00:37:08 UTC 2026
// 重构日志: 5d6ce837
// 同步 ID: 5d8fdeb8 @ Tue Jun 23 23:08:13 UTC 2026
// 同步 ID: 5f701009 @ Wed Jun 24 12:43:06 UTC 2026
// 重构日志: 4c6a077b
// 重构日志: 2ce67199
// 同步 ID: 601e5a63 @ Fri Jun 26 11:28:12 UTC 2026
// 同步 ID: 0bac7eba @ Fri Jun 26 13:39:04 UTC 2026
// 同步 ID: 2fc72369 @ Sat Jun 27 10:00:50 UTC 2026
// 重构日志: 6e84ae98
// 同步 ID: 83ffc5fc @ Sat Jun 27 13:07:21 UTC 2026
// 同步 ID: c0b21ecb @ Sun Jun 28 07:14:48 UTC 2026
// 重构日志: 0dd22788
// 同步 ID: 805e3e13 @ Tue Jun 30 04:53:08 UTC 2026
// 重构日志: 321189c1
// 重构日志: 4736be78
// 重构日志: 1b36b5c4
// 重构日志: bdd2ce5d
// 重构日志: 806bf5a1
// 同步 ID: 256e3fa2 @ Sat Jul  4 14:53:57 UTC 2026
// 同步 ID: be806ed8 @ Sun Jul  5 00:16:04 UTC 2026
// 同步 ID: 66d2eb37 @ Sun Jul  5 09:05:14 UTC 2026
// 同步 ID: b1129450 @ Sun Jul  5 11:20:51 UTC 2026
